{"/Users/zayn/Dev/ticketing-microservices/orders/src/app.ts": {"path":"/Users/zayn/Dev/ticketing-microservices/orders/src/app.ts","statementMap":{"0":{"start":{"line":1,"column":0},"end":{"line":1,"column":30}},"1":{"start":{"line":2,"column":0},"end":{"line":2,"column":30}},"2":{"start":{"line":3,"column":0},"end":{"line":3,"column":35}},"3":{"start":{"line":4,"column":0},"end":{"line":4,"column":43}},"4":{"start":{"line":5,"column":0},"end":{"line":5,"column":77}},"5":{"start":{"line":7,"column":0},"end":{"line":7,"column":52}},"6":{"start":{"line":8,"column":0},"end":{"line":8,"column":50}},"7":{"start":{"line":9,"column":0},"end":{"line":9,"column":46}},"8":{"start":{"line":10,"column":0},"end":{"line":10,"column":48}},"9":{"start":{"line":12,"column":12},"end":{"line":12,"column":21}},"10":{"start":{"line":34,"column":9},"end":{"line":34,"column":12}},"11":{"start":{"line":13,"column":0},"end":{"line":13,"column":29}},"12":{"start":{"line":14,"column":0},"end":{"line":14,"column":16}},"13":{"start":{"line":15,"column":0},"end":{"line":20,"column":2}},"14":{"start":{"line":21,"column":0},"end":{"line":21,"column":21}},"15":{"start":{"line":23,"column":0},"end":{"line":23,"column":27}},"16":{"start":{"line":24,"column":0},"end":{"line":24,"column":26}},"17":{"start":{"line":25,"column":0},"end":{"line":25,"column":24}},"18":{"start":{"line":26,"column":0},"end":{"line":26,"column":25}},"19":{"start":{"line":28,"column":0},"end":{"line":30,"column":3}},"20":{"start":{"line":29,"column":2},"end":{"line":29,"column":28}},"21":{"start":{"line":32,"column":0},"end":{"line":32,"column":22}}},"fnMap":{"0":{"name":"(anonymous_1)","decl":{"start":{"line":28,"column":13},"end":{"line":28,"column":18}},"loc":{"start":{"line":28,"column":32},"end":{"line":30,"column":1}}}},"branchMap":{},"s":{"0":4,"1":4,"2":4,"3":4,"4":4,"5":4,"6":4,"7":4,"8":4,"9":4,"10":4,"11":4,"12":4,"13":4,"14":4,"15":4,"16":4,"17":4,"18":4,"19":4,"20":0,"21":4},"f":{"0":0},"b":{}}
,"/Users/zayn/Dev/ticketing-microservices/orders/src/events/publishers/order-cancelled-publisher.ts": {"path":"/Users/zayn/Dev/ticketing-microservices/orders/src/events/publishers/order-cancelled-publisher.ts","statementMap":{"0":{"start":{"line":1,"column":0},"end":{"line":1,"column":77}},"1":{"start":{"line":4,"column":2},"end":{"line":4,"column":61}},"2":{"start":{"line":3,"column":0},"end":{"line":3,"column":13}}},"fnMap":{"0":{"name":"(anonymous_0)","decl":{"start":{"line":3,"column":0},"end":{"line":3,"column":13}},"loc":{"start":{"line":3,"column":0},"end":{"line":5,"column":1}}}},"branchMap":{},"s":{"0":4,"1":2,"2":4},"f":{"0":2},"b":{}}
,"/Users/zayn/Dev/ticketing-microservices/orders/src/events/publishers/order-created-publisher.ts": {"path":"/Users/zayn/Dev/ticketing-microservices/orders/src/events/publishers/order-created-publisher.ts","statementMap":{"0":{"start":{"line":1,"column":0},"end":{"line":1,"column":75}},"1":{"start":{"line":4,"column":2},"end":{"line":4,"column":57}},"2":{"start":{"line":3,"column":0},"end":{"line":3,"column":13}}},"fnMap":{"0":{"name":"(anonymous_0)","decl":{"start":{"line":3,"column":0},"end":{"line":3,"column":13}},"loc":{"start":{"line":3,"column":0},"end":{"line":5,"column":1}}}},"branchMap":{},"s":{"0":4,"1":9,"2":4},"f":{"0":9},"b":{}}
,"/Users/zayn/Dev/ticketing-microservices/orders/src/models/order.ts": {"path":"/Users/zayn/Dev/ticketing-microservices/orders/src/models/order.ts","statementMap":{"0":{"start":{"line":1,"column":0},"end":{"line":1,"column":32}},"1":{"start":{"line":2,"column":0},"end":{"line":2,"column":9}},"2":{"start":{"line":6,"column":9},"end":{"line":2,"column":48}},"3":{"start":{"line":4,"column":0},"end":{"line":4,"column":67}},"4":{"start":{"line":26,"column":20},"end":{"line":53,"column":null}},"5":{"start":{"line":49,"column":8},"end":{"line":49,"column":25}},"6":{"start":{"line":50,"column":8},"end":{"line":50,"column":23}},"7":{"start":{"line":55,"column":0},"end":{"line":55,"column":41}},"8":{"start":{"line":56,"column":0},"end":{"line":56,"column":42}},"9":{"start":{"line":57,"column":0},"end":{"line":59,"column":2}},"10":{"start":{"line":58,"column":2},"end":{"line":58,"column":26}},"11":{"start":{"line":61,"column":14},"end":{"line":61,"column":72}},"12":{"start":{"line":63,"column":9},"end":{"line":63,"column":14}}},"fnMap":{"0":{"name":"(anonymous_1)","decl":{"start":{"line":6,"column":9},"end":{"line":6,"column":20}},"loc":{"start":{"line":6,"column":9},"end":{"line":2,"column":48}}},"1":{"name":"(anonymous_2)","decl":{"start":{"line":48,"column":6},"end":{"line":48,"column":15}},"loc":{"start":{"line":48,"column":24},"end":{"line":51,"column":7}}},"2":{"name":"(anonymous_3)","decl":{"start":{"line":57,"column":28},"end":{"line":57,"column":29}},"loc":{"start":{"line":57,"column":50},"end":{"line":59,"column":1}}}},"branchMap":{},"s":{"0":4,"1":4,"2":38,"3":4,"4":4,"5":14,"6":14,"7":4,"8":4,"9":4,"10":10,"11":4,"12":4},"f":{"0":34,"1":14,"2":10},"b":{}}
,"/Users/zayn/Dev/ticketing-microservices/orders/src/models/ticket.ts": {"path":"/Users/zayn/Dev/ticketing-microservices/orders/src/models/ticket.ts","statementMap":{"0":{"start":{"line":1,"column":0},"end":{"line":1,"column":32}},"1":{"start":{"line":2,"column":0},"end":{"line":2,"column":45}},"2":{"start":{"line":3,"column":0},"end":{"line":3,"column":67}},"3":{"start":{"line":23,"column":21},"end":{"line":42,"column":null}},"4":{"start":{"line":38,"column":8},"end":{"line":38,"column":25}},"5":{"start":{"line":39,"column":8},"end":{"line":39,"column":23}},"6":{"start":{"line":44,"column":0},"end":{"line":44,"column":42}},"7":{"start":{"line":45,"column":0},"end":{"line":45,"column":43}},"8":{"start":{"line":47,"column":0},"end":{"line":53,"column":2}},"9":{"start":{"line":48,"column":2},"end":{"line":52,"column":5}},"10":{"start":{"line":54,"column":0},"end":{"line":59,"column":null}},"11":{"start":{"line":55,"column":2},"end":{"line":58,"column":null}},"12":{"start":{"line":61,"column":0},"end":{"line":76,"column":2}},"13":{"start":{"line":63,"column":24},"end":{"line":73,"column":4}},"14":{"start":{"line":75,"column":2},"end":{"line":75,"column":25}},"15":{"start":{"line":78,"column":15},"end":{"line":78,"column":77}},"16":{"start":{"line":80,"column":9},"end":{"line":80,"column":15}}},"fnMap":{"0":{"name":"(anonymous_1)","decl":{"start":{"line":37,"column":6},"end":{"line":37,"column":15}},"loc":{"start":{"line":37,"column":24},"end":{"line":40,"column":7}}},"1":{"name":"(anonymous_2)","decl":{"start":{"line":47,"column":29},"end":{"line":47,"column":30}},"loc":{"start":{"line":47,"column":52},"end":{"line":53,"column":1}}},"2":{"name":"(anonymous_3)","decl":{"start":{"line":54,"column":35},"end":{"line":54,"column":36}},"loc":{"start":{"line":54,"column":78},"end":{"line":59,"column":1}}},"3":{"name":"(anonymous_4)","decl":{"start":{"line":61,"column":34},"end":{"line":61,"column":39}},"loc":{"start":{"line":61,"column":39},"end":{"line":76,"column":1}}}},"branchMap":{},"s":{"0":4,"1":4,"2":4,"3":4,"4":14,"5":14,"6":4,"7":4,"8":4,"9":10,"10":4,"11":0,"12":4,"13":10,"14":10,"15":4,"16":4},"f":{"0":14,"1":10,"2":0,"3":10},"b":{}}
,"/Users/zayn/Dev/ticketing-microservices/orders/src/routes/delete.ts": {"path":"/Users/zayn/Dev/ticketing-microservices/orders/src/routes/delete.ts","statementMap":{"0":{"start":{"line":1,"column":0},"end":{"line":1,"column":53}},"1":{"start":{"line":2,"column":0},"end":{"line":2,"column":null}},"2":{"start":{"line":7,"column":0},"end":{"line":7,"column":53}},"3":{"start":{"line":8,"column":0},"end":{"line":8,"column":89}},"4":{"start":{"line":9,"column":0},"end":{"line":9,"column":46}},"5":{"start":{"line":11,"column":15},"end":{"line":11,"column":31}},"6":{"start":{"line":43,"column":19},"end":{"line":43,"column":36}},"7":{"start":{"line":13,"column":0},"end":{"line":41,"column":2}},"8":{"start":{"line":17,"column":24},"end":{"line":17,"column":34}},"9":{"start":{"line":19,"column":18},"end":{"line":19,"column":66}},"10":{"start":{"line":21,"column":4},"end":{"line":23,"column":null}},"11":{"start":{"line":22,"column":6},"end":{"line":22,"column":32}},"12":{"start":{"line":24,"column":4},"end":{"line":26,"column":null}},"13":{"start":{"line":25,"column":6},"end":{"line":25,"column":37}},"14":{"start":{"line":27,"column":4},"end":{"line":27,"column":41}},"15":{"start":{"line":28,"column":4},"end":{"line":28,"column":23}},"16":{"start":{"line":31,"column":4},"end":{"line":37,"column":null}},"17":{"start":{"line":39,"column":4},"end":{"line":39,"column":32}}},"fnMap":{"0":{"name":"(anonymous_1)","decl":{"start":{"line":16,"column":2},"end":{"line":16,"column":7}},"loc":{"start":{"line":16,"column":40},"end":{"line":40,"column":3}}}},"branchMap":{"0":{"loc":{"start":{"line":21,"column":4},"end":{"line":23,"column":null}},"type":"if","locations":[{"start":{"line":21,"column":4},"end":{"line":23,"column":null}},{"start":{"line":21,"column":4},"end":{"line":23,"column":null}}]},"1":{"loc":{"start":{"line":24,"column":4},"end":{"line":26,"column":null}},"type":"if","locations":[{"start":{"line":24,"column":4},"end":{"line":26,"column":null}},{"start":{"line":24,"column":4},"end":{"line":26,"column":null}}]}},"s":{"0":4,"1":4,"2":4,"3":4,"4":4,"5":4,"6":4,"7":4,"8":2,"9":2,"10":2,"11":0,"12":2,"13":0,"14":2,"15":2,"16":2,"17":2},"f":{"0":2},"b":{"0":[0,2],"1":[0,2]}}
,"/Users/zayn/Dev/ticketing-microservices/orders/src/routes/index.ts": {"path":"/Users/zayn/Dev/ticketing-microservices/orders/src/routes/index.ts","statementMap":{"0":{"start":{"line":1,"column":0},"end":{"line":1,"column":53}},"1":{"start":{"line":2,"column":0},"end":{"line":2,"column":48}},"2":{"start":{"line":3,"column":0},"end":{"line":3,"column":40}},"3":{"start":{"line":5,"column":15},"end":{"line":5,"column":31}},"4":{"start":{"line":15,"column":19},"end":{"line":15,"column":35}},"5":{"start":{"line":7,"column":0},"end":{"line":13,"column":3}},"6":{"start":{"line":8,"column":17},"end":{"line":10,"column":23}},"7":{"start":{"line":12,"column":2},"end":{"line":12,"column":19}}},"fnMap":{"0":{"name":"(anonymous_1)","decl":{"start":{"line":7,"column":39},"end":{"line":7,"column":44}},"loc":{"start":{"line":7,"column":77},"end":{"line":13,"column":1}}}},"branchMap":{},"s":{"0":4,"1":4,"2":4,"3":4,"4":4,"5":4,"6":1,"7":1},"f":{"0":1},"b":{}}
,"/Users/zayn/Dev/ticketing-microservices/orders/src/routes/new.ts": {"path":"/Users/zayn/Dev/ticketing-microservices/orders/src/routes/new.ts","statementMap":{"0":{"start":{"line":1,"column":0},"end":{"line":1,"column":32}},"1":{"start":{"line":2,"column":0},"end":{"line":2,"column":53}},"2":{"start":{"line":3,"column":0},"end":{"line":3,"column":null}},"3":{"start":{"line":10,"column":0},"end":{"line":10,"column":41}},"4":{"start":{"line":11,"column":0},"end":{"line":11,"column":42}},"5":{"start":{"line":12,"column":0},"end":{"line":12,"column":40}},"6":{"start":{"line":13,"column":0},"end":{"line":13,"column":85}},"7":{"start":{"line":14,"column":0},"end":{"line":14,"column":46}},"8":{"start":{"line":16,"column":15},"end":{"line":16,"column":31}},"9":{"start":{"line":76,"column":19},"end":{"line":76,"column":33}},"10":{"start":{"line":18,"column":34},"end":{"line":18,"column":41}},"11":{"start":{"line":20,"column":0},"end":{"line":74,"column":2}},"12":{"start":{"line":27,"column":33},"end":{"line":27,"column":71}},"13":{"start":{"line":32,"column":25},"end":{"line":32,"column":33}},"14":{"start":{"line":35,"column":19},"end":{"line":35,"column":50}},"15":{"start":{"line":36,"column":4},"end":{"line":38,"column":null}},"16":{"start":{"line":37,"column":6},"end":{"line":37,"column":32}},"17":{"start":{"line":41,"column":23},"end":{"line":41,"column":48}},"18":{"start":{"line":42,"column":4},"end":{"line":44,"column":null}},"19":{"start":{"line":43,"column":6},"end":{"line":43,"column":62}},"20":{"start":{"line":47,"column":23},"end":{"line":47,"column":33}},"21":{"start":{"line":48,"column":4},"end":{"line":48,"column":79}},"22":{"start":{"line":51,"column":18},"end":{"line":56,"column":6}},"23":{"start":{"line":57,"column":4},"end":{"line":57,"column":23}},"24":{"start":{"line":60,"column":4},"end":{"line":70,"column":null}},"25":{"start":{"line":72,"column":4},"end":{"line":72,"column":32}}},"fnMap":{"0":{"name":"(anonymous_1)","decl":{"start":{"line":27,"column":14},"end":{"line":27,"column":15}},"loc":{"start":{"line":27,"column":33},"end":{"line":27,"column":71}}},"1":{"name":"(anonymous_2)","decl":{"start":{"line":31,"column":2},"end":{"line":31,"column":7}},"loc":{"start":{"line":31,"column":40},"end":{"line":73,"column":3}}}},"branchMap":{"0":{"loc":{"start":{"line":36,"column":4},"end":{"line":38,"column":null}},"type":"if","locations":[{"start":{"line":36,"column":4},"end":{"line":38,"column":null}},{"start":{"line":36,"column":4},"end":{"line":38,"column":null}}]},"1":{"loc":{"start":{"line":42,"column":4},"end":{"line":44,"column":null}},"type":"if","locations":[{"start":{"line":42,"column":4},"end":{"line":44,"column":null}},{"start":{"line":42,"column":4},"end":{"line":44,"column":null}}]}},"s":{"0":4,"1":4,"2":4,"3":4,"4":4,"5":4,"6":4,"7":4,"8":4,"9":4,"10":4,"11":4,"12":11,"13":11,"14":11,"15":11,"16":1,"17":10,"18":10,"19":1,"20":9,"21":9,"22":9,"23":9,"24":9,"25":9},"f":{"0":11,"1":11},"b":{"0":[1,10],"1":[1,9]}}
,"/Users/zayn/Dev/ticketing-microservices/orders/src/routes/show.ts": {"path":"/Users/zayn/Dev/ticketing-microservices/orders/src/routes/show.ts","statementMap":{"0":{"start":{"line":1,"column":0},"end":{"line":1,"column":53}},"1":{"start":{"line":2,"column":0},"end":{"line":2,"column":null}},"2":{"start":{"line":7,"column":0},"end":{"line":7,"column":40}},"3":{"start":{"line":9,"column":15},"end":{"line":9,"column":31}},"4":{"start":{"line":28,"column":19},"end":{"line":28,"column":34}},"5":{"start":{"line":11,"column":0},"end":{"line":26,"column":2}},"6":{"start":{"line":15,"column":18},"end":{"line":15,"column":77}},"7":{"start":{"line":17,"column":4},"end":{"line":19,"column":null}},"8":{"start":{"line":18,"column":6},"end":{"line":18,"column":32}},"9":{"start":{"line":20,"column":4},"end":{"line":22,"column":null}},"10":{"start":{"line":21,"column":6},"end":{"line":21,"column":37}},"11":{"start":{"line":24,"column":4},"end":{"line":24,"column":20}}},"fnMap":{"0":{"name":"(anonymous_1)","decl":{"start":{"line":14,"column":2},"end":{"line":14,"column":7}},"loc":{"start":{"line":14,"column":40},"end":{"line":25,"column":3}}}},"branchMap":{"0":{"loc":{"start":{"line":17,"column":4},"end":{"line":19,"column":null}},"type":"if","locations":[{"start":{"line":17,"column":4},"end":{"line":19,"column":null}},{"start":{"line":17,"column":4},"end":{"line":19,"column":null}}]},"1":{"loc":{"start":{"line":20,"column":4},"end":{"line":22,"column":null}},"type":"if","locations":[{"start":{"line":20,"column":4},"end":{"line":22,"column":null}},{"start":{"line":20,"column":4},"end":{"line":22,"column":null}}]}},"s":{"0":4,"1":4,"2":4,"3":4,"4":4,"5":4,"6":2,"7":2,"8":0,"9":2,"10":1,"11":1},"f":{"0":2},"b":{"0":[0,2],"1":[1,1]}}
}
