TN:
SF:src/app.ts
FN:28,(anonymous_1)
FNF:1
FNH:0
FNDA:0,(anonymous_1)
DA:1,4
DA:2,4
DA:3,4
DA:4,4
DA:5,4
DA:7,4
DA:8,4
DA:9,4
DA:10,4
DA:12,4
DA:13,4
DA:14,4
DA:15,4
DA:21,4
DA:23,4
DA:24,4
DA:25,4
DA:26,4
DA:28,4
DA:29,0
DA:32,4
DA:34,4
LF:22
LH:21
BRF:0
BRH:0
end_of_record
TN:
SF:src/events/publishers/order-cancelled-publisher.ts
FN:3,(anonymous_0)
FNF:1
FNH:1
FNDA:2,(anonymous_0)
DA:1,4
DA:3,4
DA:4,2
LF:3
LH:3
BRF:0
BRH:0
end_of_record
TN:
SF:src/events/publishers/order-created-publisher.ts
FN:3,(anonymous_0)
FNF:1
FNH:1
FNDA:9,(anonymous_0)
DA:1,4
DA:3,4
DA:4,9
LF:3
LH:3
BRF:0
BRH:0
end_of_record
TN:
SF:src/models/order.ts
FN:6,(anonymous_1)
FN:48,(anonymous_2)
FN:57,(anonymous_3)
FNF:3
FNH:3
FNDA:34,(anonymous_1)
FNDA:14,(anonymous_2)
FNDA:10,(anonymous_3)
DA:1,4
DA:2,4
DA:4,4
DA:6,38
DA:26,4
DA:49,14
DA:50,14
DA:55,4
DA:56,4
DA:57,4
DA:58,10
DA:61,4
DA:63,4
LF:13
LH:13
BRF:0
BRH:0
end_of_record
TN:
SF:src/models/ticket.ts
FN:37,(anonymous_1)
FN:47,(anonymous_2)
FN:54,(anonymous_3)
FN:61,(anonymous_4)
FNF:4
FNH:3
FNDA:14,(anonymous_1)
FNDA:10,(anonymous_2)
FNDA:0,(anonymous_3)
FNDA:10,(anonymous_4)
DA:1,4
DA:2,4
DA:3,4
DA:23,4
DA:38,14
DA:39,14
DA:44,4
DA:45,4
DA:47,4
DA:48,10
DA:54,4
DA:55,0
DA:61,4
DA:63,10
DA:75,10
DA:78,4
DA:80,4
LF:17
LH:16
BRF:0
BRH:0
end_of_record
TN:
SF:src/routes/delete.ts
FN:16,(anonymous_1)
FNF:1
FNH:1
FNDA:2,(anonymous_1)
DA:1,4
DA:2,4
DA:7,4
DA:8,4
DA:9,4
DA:11,4
DA:13,4
DA:17,2
DA:19,2
DA:21,2
DA:22,0
DA:24,2
DA:25,0
DA:27,2
DA:28,2
DA:31,2
DA:39,2
DA:43,4
LF:18
LH:16
BRDA:21,0,0,0
BRDA:21,0,1,2
BRDA:24,1,0,0
BRDA:24,1,1,2
BRF:4
BRH:2
end_of_record
TN:
SF:src/routes/index.ts
FN:7,(anonymous_1)
FNF:1
FNH:1
FNDA:1,(anonymous_1)
DA:1,4
DA:2,4
DA:3,4
DA:5,4
DA:7,4
DA:8,1
DA:12,1
DA:15,4
LF:8
LH:8
BRF:0
BRH:0
end_of_record
TN:
SF:src/routes/new.ts
FN:27,(anonymous_1)
FN:31,(anonymous_2)
FNF:2
FNH:2
FNDA:11,(anonymous_1)
FNDA:11,(anonymous_2)
DA:1,4
DA:2,4
DA:3,4
DA:10,4
DA:11,4
DA:12,4
DA:13,4
DA:14,4
DA:16,4
DA:18,4
DA:20,4
DA:27,11
DA:32,11
DA:35,11
DA:36,11
DA:37,1
DA:41,10
DA:42,10
DA:43,1
DA:47,9
DA:48,9
DA:51,9
DA:57,9
DA:60,9
DA:72,9
DA:76,4
LF:26
LH:26
BRDA:36,0,0,1
BRDA:36,0,1,10
BRDA:42,1,0,1
BRDA:42,1,1,9
BRF:4
BRH:4
end_of_record
TN:
SF:src/routes/show.ts
FN:14,(anonymous_1)
FNF:1
FNH:1
FNDA:2,(anonymous_1)
DA:1,4
DA:2,4
DA:7,4
DA:9,4
DA:11,4
DA:15,2
DA:17,2
DA:18,0
DA:20,2
DA:21,1
DA:24,1
DA:28,4
LF:12
LH:11
BRDA:17,0,0,0
BRDA:17,0,1,2
BRDA:20,1,0,1
BRDA:20,1,1,1
BRF:4
BRH:3
end_of_record
